{"name": "test_add_one_item", "status": "failed", "statusDetails": {"message": "AssertionError: assert 'ADD TO CART' == 'REMOVE'\n  - REMOVE\n  + ADD TO CART", "trace": "def test_add_one_item():\n        global driver\n        # driver = webdriver.Chrome(ChromeDriverManager().install())\n        driver = webdriver.Chrome(executable_path='./drivers/chromedriver')\n        driver.implicitly_wait(5)\n        driver.get(data_test['url'])\n    \n        login_page = LoginPageObj(driver)\n        login_page.login_process(data_test['username'], data_test['valid_password'])\n    \n        products_list_page = ProductsListObj(driver)\n        products_list_page.add_one_item_to_cart_from_product_list()\n    \n>       assert products_list_page.sauce_lab_bagpack_add_button.text == 'REMOVE'\nE       AssertionError: assert 'ADD TO CART' == 'REMOVE'\nE         - REMOVE\nE         + ADD TO CART\n\ntests/test_add_one_item.py:21: AssertionError"}, "start": 1584513387332, "stop": 1584513416097, "uuid": "40bd3a11-8988-459a-97dc-e4680ef54e3b", "historyId": "61d1f7b8024219d6991ed50631243679", "testCaseId": "9b5b40124caf5567e8e88f2cce23d7ef", "fullName": "tests.test_add_one_item#test_add_one_item", "labels": [{"name": "parentSuite", "value": "tests"}, {"name": "suite", "value": "test_add_one_item"}, {"name": "host", "value": "Bigpoe.local"}, {"name": "thread", "value": "43617-MainThread"}, {"name": "framework", "value": "pytest"}, {"name": "language", "value": "cpython3"}, {"name": "package", "value": "tests.test_add_one_item"}]}